[INFO  - 2021-07-18T13:53:51.400Z] GhostDriver - Main - running on port 62345
[INFO  - 2021-07-18T13:53:55.353Z] Session [97a5bcc0-e7cf-11eb-987d-271f9ea1d2b0] - page.settings - {"XSSAuditingEnabled":false,"javascriptCanCloseWindows":true,"javascriptCanOpenWindows":true,"javascriptEnabled":true,"loadImages":true,"localToRemoteUrlAccessEnabled":false,"userAgent":"Mozilla/5.0 (Windows NT 6.2; WOW64) AppleWebKit/538.1 (KHTML, like Gecko) PhantomJS/2.1.1 Safari/538.1","webSecurityEnabled":true}
[INFO  - 2021-07-18T13:53:55.353Z] Session [97a5bcc0-e7cf-11eb-987d-271f9ea1d2b0] - page.customHeaders:  - {}
[INFO  - 2021-07-18T13:53:55.353Z] Session [97a5bcc0-e7cf-11eb-987d-271f9ea1d2b0] - Session.negotiatedCapabilities - {"browserName":"phantomjs","version":"2.1.1","driverName":"ghostdriver","driverVersion":"1.2.0","platform":"windows-10-32bit","javascriptEnabled":true,"takesScreenshot":true,"handlesAlerts":false,"databaseEnabled":false,"locationContextEnabled":false,"applicationCacheEnabled":false,"browserConnectionEnabled":false,"cssSelectorsEnabled":true,"webStorageEnabled":false,"rotatable":false,"acceptSslCerts":false,"nativeEvents":true,"proxy":{"proxyType":"direct"}}
[INFO  - 2021-07-18T13:53:55.353Z] SessionManagerReqHand - _postNewSessionCommand - New Session Created: 97a5bcc0-e7cf-11eb-987d-271f9ea1d2b0
[ERROR - 2021-07-18T13:54:10.667Z] Session [97a5bcc0-e7cf-11eb-987d-271f9ea1d2b0] - page.onError - msg: TypeError: undefined is not an object (evaluating 'window.googletag.cmd')

  phantomjs://platform/console++.js:263 in error
[ERROR - 2021-07-18T13:54:10.668Z] Session [97a5bcc0-e7cf-11eb-987d-271f9ea1d2b0] - page.onError - stack:
  b (https://i-invdn-com.investing.com/js/n/toolset-1.20.min.js:1)

  phantomjs://platform/console++.js:263 in error
[ERROR - 2021-07-18T13:54:10.692Z] Session [97a5bcc0-e7cf-11eb-987d-271f9ea1d2b0] - page.onError - msg: TypeError: undefined is not an object (evaluating 'window.googletag.cmd')

  phantomjs://platform/console++.js:263 in error
[ERROR - 2021-07-18T13:54:10.692Z] Session [97a5bcc0-e7cf-11eb-987d-271f9ea1d2b0] - page.onError - stack:
  b (https://i-invdn-com.investing.com/js/n/toolset-1.20.min.js:1)

  phantomjs://platform/console++.js:263 in error
[ERROR - 2021-07-18T13:54:11.148Z] Session [97a5bcc0-e7cf-11eb-987d-271f9ea1d2b0] - page.onError - msg: Unhandled promise rejection TypeError: [object Object],[object Object],[object Object] is not iterable!

  phantomjs://platform/console++.js:263 in error
[ERROR - 2021-07-18T13:54:11.148Z] Session [97a5bcc0-e7cf-11eb-987d-271f9ea1d2b0] - page.onError - stack:
  (anonymous function) (https://i-invdn-com.investing.com/js/n/utils-0.16.min.js:1)

  phantomjs://platform/console++.js:263 in error
[ERROR - 2021-07-18T13:54:11.149Z] Session [97a5bcc0-e7cf-11eb-987d-271f9ea1d2b0] - page.onError - msg: Unhandled promise rejection TypeError: [object Object],[object Object],[object Object] is not iterable!

  phantomjs://platform/console++.js:263 in error
[ERROR - 2021-07-18T13:54:11.149Z] Session [97a5bcc0-e7cf-11eb-987d-271f9ea1d2b0] - page.onError - stack:
  (anonymous function) (https://i-invdn-com.investing.com/js/n/utils-0.16.min.js:1)

  phantomjs://platform/console++.js:263 in error
[ERROR - 2021-07-18T13:54:11.449Z] Session [97a5bcc0-e7cf-11eb-987d-271f9ea1d2b0] - page.onError - msg: ReferenceError: Can't find variable: Set

  phantomjs://platform/console++.js:263 in error
[ERROR - 2021-07-18T13:54:11.450Z] Session [97a5bcc0-e7cf-11eb-987d-271f9ea1d2b0] - page.onError - stack:
  (anonymous function) (https://static.cloudflareinsights.com/beacon.min.js:1)
  t (https://static.cloudflareinsights.com/beacon.min.js:1)
  (anonymous function) (https://static.cloudflareinsights.com/beacon.min.js:1)
  t (https://static.cloudflareinsights.com/beacon.min.js:1)
  (anonymous function) (https://static.cloudflareinsights.com/beacon.min.js:1)

  phantomjs://platform/console++.js:263 in error
[ERROR - 2021-07-18T13:54:14.040Z] Session [97a5bcc0-e7cf-11eb-987d-271f9ea1d2b0] - page.onError - msg: ReferenceError: Can't find variable: Set

  phantomjs://platform/console++.js:263 in error
[ERROR - 2021-07-18T13:54:14.041Z] Session [97a5bcc0-e7cf-11eb-987d-271f9ea1d2b0] - page.onError - stack:
  (anonymous function) (https://static.cloudflareinsights.com/beacon.min.js:1)
  t (https://static.cloudflareinsights.com/beacon.min.js:1)
  (anonymous function) (https://static.cloudflareinsights.com/beacon.min.js:1)
  t (https://static.cloudflareinsights.com/beacon.min.js:1)
  (anonymous function) (https://static.cloudflareinsights.com/beacon.min.js:1)

  phantomjs://platform/console++.js:263 in error
[ERROR - 2021-07-18T13:54:26.812Z] Session [97a5bcc0-e7cf-11eb-987d-271f9ea1d2b0] - page.onError - msg: ReferenceError: Can't find variable: Set

  phantomjs://platform/console++.js:263 in error
[ERROR - 2021-07-18T13:54:26.812Z] Session [97a5bcc0-e7cf-11eb-987d-271f9ea1d2b0] - page.onError - stack:
  (anonymous function) (https://static.cloudflareinsights.com/beacon.min.js:1)
  t (https://static.cloudflareinsights.com/beacon.min.js:1)
  (anonymous function) (https://static.cloudflareinsights.com/beacon.min.js:1)
  t (https://static.cloudflareinsights.com/beacon.min.js:1)
  (anonymous function) (https://static.cloudflareinsights.com/beacon.min.js:1)

  phantomjs://platform/console++.js:263 in error
